<?xml version="1.0" encoding="UTF-8"?>
<testsuite name="com.mahanaroad.mongogen.sample.fieldconverters.FieldConverterTest" tests="1" skipped="0" failures="0" errors="0" timestamp="2016-09-30T22:31:01" hostname="doug" time="0.009">
  <properties/>
  <testcase name="shouldUseFieldTypeConverter" classname="com.mahanaroad.mongogen.sample.fieldconverters.FieldConverterTest" time="0.009"/>
  <system-out><![CDATA[]]></system-out>
  <system-err><![CDATA[]]></system-err>
</testsuite>
