<?xml version="1.0" encoding="UTF-8"?>
<testsuite name="com.mahanaroad.mongogen.sample.simple.SimpleDaoTest" tests="19" skipped="0" failures="0" errors="0" timestamp="2016-09-30T22:31:01" hostname="doug" time="0.139">
  <properties/>
  <testcase name="should_ignore_legacy_attributes" classname="com.mahanaroad.mongogen.sample.simple.SimpleDaoTest" time="0.036"/>
  <testcase name="testCountBySomeNonNullableString" classname="com.mahanaroad.mongogen.sample.simple.SimpleDaoTest" time="0.005"/>
  <testcase name="testCountBySomeStringTypeField" classname="com.mahanaroad.mongogen.sample.simple.SimpleDaoTest" time="0.003"/>
  <testcase name="testExistsBySomeOptionalUniqueField" classname="com.mahanaroad.mongogen.sample.simple.SimpleDaoTest" time="0.004"/>
  <testcase name="testExistsBySomeOptionalUniqueFieldThatIsEmpty" classname="com.mahanaroad.mongogen.sample.simple.SimpleDaoTest" time="0.003"/>
  <testcase name="testExistsBySomeUniqueField" classname="com.mahanaroad.mongogen.sample.simple.SimpleDaoTest" time="0.005"/>
  <testcase name="testFindByIndex" classname="com.mahanaroad.mongogen.sample.simple.SimpleDaoTest" time="0.009"/>
  <testcase name="testFindOneBySomeNonNullableString" classname="com.mahanaroad.mongogen.sample.simple.SimpleDaoTest" time="0.005"/>
  <testcase name="testFindOneBySomeOptionalUniqueString" classname="com.mahanaroad.mongogen.sample.simple.SimpleDaoTest" time="0.004"/>
  <testcase name="testFindOneBySomeOptionalUniqueStringThatIsEmpty" classname="com.mahanaroad.mongogen.sample.simple.SimpleDaoTest" time="0.002"/>
  <testcase name="testFindOneBySomeUniqueStringTypeField" classname="com.mahanaroad.mongogen.sample.simple.SimpleDaoTest" time="0.004"/>
  <testcase name="testFindOneOptionalBySomeNonNullableString" classname="com.mahanaroad.mongogen.sample.simple.SimpleDaoTest" time="0.004"/>
  <testcase name="testFindOneOptionalBySomeOptionalUniqueString" classname="com.mahanaroad.mongogen.sample.simple.SimpleDaoTest" time="0.006"/>
  <testcase name="testFindOneOptionalBySomeOptionalUniqueStringThatIsEmpty" classname="com.mahanaroad.mongogen.sample.simple.SimpleDaoTest" time="0.002"/>
  <testcase name="testFindOneOptionalBySomeStringType" classname="com.mahanaroad.mongogen.sample.simple.SimpleDaoTest" time="0.005"/>
  <testcase name="testInsertAndFindById" classname="com.mahanaroad.mongogen.sample.simple.SimpleDaoTest" time="0.003"/>
  <testcase name="testUpdate" classname="com.mahanaroad.mongogen.sample.simple.SimpleDaoTest" time="0.004"/>
  <testcase name="testUpsertBySomeNonNullableField" classname="com.mahanaroad.mongogen.sample.simple.SimpleDaoTest" time="0.013"/>
  <testcase name="testUpsertBySomeStringType" classname="com.mahanaroad.mongogen.sample.simple.SimpleDaoTest" time="0.006"/>
  <system-out><![CDATA[]]></system-out>
  <system-err><![CDATA[]]></system-err>
</testsuite>
