<?xml version="1.0" encoding="UTF-8"?>
<testsuite name="com.mahanaroad.mongogen.spec.definition.CollectionFieldNameTest" tests="1" skipped="0" failures="0" errors="0" timestamp="2016-09-30T22:31:00" hostname="doug" time="0.005">
  <properties/>
  <testcase name="testToValidJavaIdentifier" classname="com.mahanaroad.mongogen.spec.definition.CollectionFieldNameTest" time="0.005"/>
  <system-out><![CDATA[]]></system-out>
  <system-err><![CDATA[]]></system-err>
</testsuite>
