<?xml version="1.0" encoding="UTF-8"?>
<testsuite name="com.mahanaroad.mongogen.MongogenMigrationLockDaoTest" tests="1" skipped="0" failures="0" errors="0" timestamp="2016-09-30T22:31:01" hostname="doug" time="0.004">
  <properties/>
  <testcase name="testObtainAndReleaseLock" classname="com.mahanaroad.mongogen.MongogenMigrationLockDaoTest" time="0.004"/>
  <system-out><![CDATA[]]></system-out>
  <system-err><![CDATA[]]></system-err>
</testsuite>
